<?xml version="1.0" encoding="UTF-8"?>
<testng-results skipped="0" failed="0" ignored="0" total="1" passed="1">
  <reporter-output>
  </reporter-output>
  <suite name="Suite" duration-ms="43787" started-at="2020-06-13T11:44:15 IST" finished-at="2020-06-13T11:44:59 IST">
    <groups>
    </groups>
    <test name="Test" duration-ms="43787" started-at="2020-06-13T11:44:15 IST" finished-at="2020-06-13T11:44:59 IST">
      <class name="Week3.day1.ParallelExecutionWithUdid">
        <test-method status="PASS" signature="launchApplication()[pri:0, instance:Week3.day1.ParallelExecutionWithUdid@57855c9a]" name="launchApplication" duration-ms="43690" started-at="2020-06-13T11:44:16 IST" finished-at="2020-06-13T11:44:59 IST">
          <reporter-output>
          </reporter-output>
        </test-method> <!-- launchApplication -->
      </class> <!-- Week3.day1.ParallelExecutionWithUdid -->
    </test> <!-- Test -->
  </suite> <!-- Suite -->
</testng-results>
